<?xml version="1.0" encoding="UTF-8" standalone="no"?>
<testsuite failures="0" name="cucumber.runtime.formatter.JUnitFormatter" skipped="2" tests="2" time="0">
<testcase classname="My Calculator" name="Should add two positive numbers" time="0">
<skipped><![CDATA[Given my calculator is running..............................................undefined
When I add 1 and 2..........................................................undefined
Then result should be equal to 3............................................undefined
]]></skipped>
</testcase>
<testcase classname="My Calculator" name="Should subtract two positive numbers" time="0">
<skipped><![CDATA[Given my calculator is running..............................................undefined
When I subtract 3 and 1.....................................................undefined
Then result should be equal to 2............................................undefined
]]></skipped>
</testcase>
</testsuite>
